生成启动时间为 2016/5/13 20:36:48。
     1>项目“D:\Visual Studio 2010\Projects\H264Analysis\H264Analysis\H264Analysis.vcxproj”在节点 2 上(build 个目标)。
     1>C:\Program Files (x86)\MSBuild\Microsoft.Cpp\v4.0\Microsoft.CppBuild.targets(299,5): warning MSB8004: Output 目录未以斜杠结尾。此生成实例将添加斜杠，因为必须有这个斜杠才能正确计算 Output 目录。
     1>InitializeBuildStatus:
         正在创建“Debug\H264Analysis.unsuccessfulbuild”，因为已指定“AlwaysCreate”。
       ClCompile:
         D:\Microsoft Visual Studio 10.0\VC\bin\CL.exe /c /ZI /nologo /W3 /WX- /Od /Oy- /D _MBCS /Gm /EHsc /RTC1 /MDd /GS /fp:precise /Zc:wchar_t /Zc:forScope /Fo"Debug\\" /Fd"Debug\vc100.pdb" /Gd /TP /analyze- /errorReport:prompt H264Analysis.cpp
         H264Analysis.cpp
     1>d:\visual studio 2010\projects\h264analysis\h264analysis\h264analysis.cpp(76): warning C4244: “初始化”: 从“double”转换到“int”，可能丢失数据
       Link:
         D:\Microsoft Visual Studio 10.0\VC\bin\link.exe /ERRORREPORT:PROMPT /OUT:"../bin\H264Analysisd.exe" /NOLOGO kernel32.lib user32.lib gdi32.lib winspool.lib comdlg32.lib advapi32.lib shell32.lib ole32.lib oleaut32.lib uuid.lib odbc32.lib odbccp32.lib /MANIFEST /ManifestFile:"Debug\H264Analysisd.exe.intermediate.manifest" /MANIFESTUAC:"level='asInvoker' uiAccess='false'" /DEBUG /PDB:"D:\Visual Studio 2010\Projects\H264Analysis\bin\H264Analysisd.pdb" /SUBSYSTEM:CONSOLE /TLBID:1 /DYNAMICBASE /NXCOMPAT /IMPLIB:"../bin\H264Analysisd.lib" /MACHINE:X86 Debug\H264Analysis.obj
         Debug\main.obj
         Debug\utilities.obj
         LINK : 没有找到 ../bin\H264Analysisd.exe 或上一个增量链接没有生成它；正在执行完全链接
         H264Analysis.vcxproj -> D:\Visual Studio 2010\Projects\H264Analysis\H264Analysis\../bin\H264Analysisd.exe
       Manifest:
         C:\Program Files (x86)\Microsoft SDKs\Windows\v7.0A\bin\mt.exe /nologo /verbose /outputresource:"../bin\H264Analysisd.exe;#1" /manifest Debug\H264Analysisd.exe.intermediate.manifest
       FinalizeBuildStatus:
         正在删除文件“Debug\H264Analysis.unsuccessfulbuild”。
         正在对“Debug\H264Analysis.lastbuildstate”执行 Touch 任务。
     1>已完成生成项目“D:\Visual Studio 2010\Projects\H264Analysis\H264Analysis\H264Analysis.vcxproj”(build 个目标)的操作。

生成成功。

已用时间 00:00:01.17
